2021-03-18 15:43:51,312 - logger - INFO - Tweet ID: 1372680152593874946 / Tickers: ['$WKEY', '$TKAT', '$OCG']
2021-03-18 15:44:00,002 - logger - INFO - 
-------------------------------------------------------------
2021-03-18 15:44:00,003 - logger - INFO - Ticker Watchlist: {}
2021-03-18 15:44:00,003 - logger - INFO - Current Positions: 0% / 
2021-03-18 15:44:00,003 - logger - INFO - Orders Pending: []
2021-03-18 15:44:00,003 - logger - INFO - Successfully initiated BUY for: {}
2021-03-18 15:44:00,004 - logger - INFO - Successfully initiated SELL for: {}
2021-03-18 15:44:00,004 - logger - INFO - Error selling for: {}
2021-03-18 15:44:00,004 - logger - INFO - Error buying for: {'$QQQ': (), '$SPY': ()}
2021-03-18 15:44:00,005 - logger - INFO - -------------------------------------------------------------
2021-03-18 15:44:05,006 - logger - INFO - 
-------------------------------------------------------------
2021-03-18 15:44:05,006 - logger - INFO - Ticker Watchlist: {}
2021-03-18 15:44:05,007 - logger - INFO - Current Positions: 0% / 
2021-03-18 15:44:05,007 - logger - INFO - Orders Pending: []
2021-03-18 15:44:05,007 - logger - INFO - Successfully initiated BUY for: {}
2021-03-18 15:44:05,008 - logger - INFO - Successfully initiated SELL for: {}
2021-03-18 15:44:05,008 - logger - INFO - Error selling for: {}
2021-03-18 15:44:05,008 - logger - INFO - Error buying for: {'$QQQ': (), '$SPY': ()}
2021-03-18 15:44:05,008 - logger - INFO - -------------------------------------------------------------
2021-03-18 15:44:10,012 - logger - INFO - 
-------------------------------------------------------------
2021-03-18 15:44:10,012 - logger - INFO - Ticker Watchlist: {}
2021-03-18 15:44:10,013 - logger - INFO - Current Positions: 0% / 
2021-03-18 15:44:10,013 - logger - INFO - Orders Pending: []
2021-03-18 15:44:10,013 - logger - INFO - Successfully initiated BUY for: {}
2021-03-18 15:44:10,013 - logger - INFO - Successfully initiated SELL for: {}
2021-03-18 15:44:10,014 - logger - INFO - Error selling for: {}
2021-03-18 15:44:10,014 - logger - INFO - Error buying for: {'$QQQ': (), '$SPY': ()}
2021-03-18 15:44:10,014 - logger - INFO - -------------------------------------------------------------
2021-03-18 15:44:15,019 - logger - INFO - 
-------------------------------------------------------------
2021-03-18 15:44:15,019 - logger - INFO - Ticker Watchlist: {}
2021-03-18 15:44:15,019 - logger - INFO - Current Positions: 0% / 
2021-03-18 15:44:15,020 - logger - INFO - Orders Pending: []
2021-03-18 15:44:15,020 - logger - INFO - Successfully initiated BUY for: {}
2021-03-18 15:44:15,020 - logger - INFO - Successfully initiated SELL for: {}
2021-03-18 15:44:15,020 - logger - INFO - Error selling for: {}
2021-03-18 15:44:15,021 - logger - INFO - Error buying for: {'$QQQ': (), '$SPY': ()}
2021-03-18 15:44:15,021 - logger - INFO - -------------------------------------------------------------
2021-03-18 15:44:20,024 - logger - INFO - 
-------------------------------------------------------------
2021-03-18 15:44:20,024 - logger - INFO - Ticker Watchlist: {}
2021-03-18 15:44:20,024 - logger - INFO - Current Positions: 0% / 
2021-03-18 15:44:20,026 - logger - INFO - Orders Pending: []
2021-03-18 15:44:20,026 - logger - INFO - Successfully initiated BUY for: {}
2021-03-18 15:44:20,027 - logger - INFO - Successfully initiated SELL for: {}
2021-03-18 15:44:20,027 - logger - INFO - Error selling for: {}
2021-03-18 15:44:20,027 - logger - INFO - Error buying for: {'$QQQ': (), '$SPY': ()}
2021-03-18 15:44:20,027 - logger - INFO - -------------------------------------------------------------
2021-03-18 15:44:25,031 - logger - INFO - 
-------------------------------------------------------------
2021-03-18 15:44:25,032 - logger - INFO - Ticker Watchlist: {}
2021-03-18 15:44:25,032 - logger - INFO - Current Positions: 0% / 
2021-03-18 15:44:25,032 - logger - INFO - Orders Pending: []
2021-03-18 15:44:25,033 - logger - INFO - Successfully initiated BUY for: {}
2021-03-18 15:44:25,033 - logger - INFO - Successfully initiated SELL for: {}
2021-03-18 15:44:25,033 - logger - INFO - Error selling for: {}
2021-03-18 15:44:25,034 - logger - INFO - Error buying for: {'$QQQ': (), '$SPY': ()}
2021-03-18 15:44:25,034 - logger - INFO - -------------------------------------------------------------
2021-03-18 15:44:30,038 - logger - INFO - 
-------------------------------------------------------------
2021-03-18 15:44:30,039 - logger - INFO - Ticker Watchlist: {}
2021-03-18 15:44:30,039 - logger - INFO - Current Positions: 0% / 
2021-03-18 15:44:30,039 - logger - INFO - Orders Pending: []
2021-03-18 15:44:30,039 - logger - INFO - Successfully initiated BUY for: {}
2021-03-18 15:44:30,040 - logger - INFO - Successfully initiated SELL for: {}
2021-03-18 15:44:30,040 - logger - INFO - Error selling for: {}
2021-03-18 15:44:30,040 - logger - INFO - Error buying for: {'$QQQ': (), '$SPY': ()}
2021-03-18 15:44:30,040 - logger - INFO - -------------------------------------------------------------
2021-03-18 15:44:35,045 - logger - INFO - 
-------------------------------------------------------------
2021-03-18 15:44:35,046 - logger - INFO - Ticker Watchlist: {}
2021-03-18 15:44:35,047 - logger - INFO - Current Positions: 0% / 
2021-03-18 15:44:35,047 - logger - INFO - Orders Pending: []
2021-03-18 15:44:35,047 - logger - INFO - Successfully initiated BUY for: {}
2021-03-18 15:44:35,047 - logger - INFO - Successfully initiated SELL for: {}
2021-03-18 15:44:35,048 - logger - INFO - Error selling for: {}
2021-03-18 15:44:35,048 - logger - INFO - Error buying for: {'$QQQ': (), '$SPY': ()}
2021-03-18 15:44:35,049 - logger - INFO - -------------------------------------------------------------
2021-03-18 15:44:40,051 - logger - INFO - 
-------------------------------------------------------------
2021-03-18 15:44:40,052 - logger - INFO - Ticker Watchlist: {}
2021-03-18 15:44:40,052 - logger - INFO - Current Positions: 0% / 
2021-03-18 15:44:40,052 - logger - INFO - Orders Pending: []
2021-03-18 15:44:40,052 - logger - INFO - Successfully initiated BUY for: {}
2021-03-18 15:44:40,052 - logger - INFO - Successfully initiated SELL for: {}
2021-03-18 15:44:40,053 - logger - INFO - Error selling for: {}
2021-03-18 15:44:40,053 - logger - INFO - Error buying for: {'$QQQ': (), '$SPY': ()}
2021-03-18 15:44:40,053 - logger - INFO - -------------------------------------------------------------
2021-03-18 15:44:45,057 - logger - INFO - 
-------------------------------------------------------------
2021-03-18 15:44:45,057 - logger - INFO - Ticker Watchlist: {}
2021-03-18 15:44:45,057 - logger - INFO - Current Positions: 0% / 
2021-03-18 15:44:45,057 - logger - INFO - Orders Pending: []
2021-03-18 15:44:45,057 - logger - INFO - Successfully initiated BUY for: {}
2021-03-18 15:44:45,058 - logger - INFO - Successfully initiated SELL for: {}
2021-03-18 15:44:45,058 - logger - INFO - Error selling for: {}
2021-03-18 15:44:45,058 - logger - INFO - Error buying for: {'$QQQ': (), '$SPY': ()}
2021-03-18 15:44:45,058 - logger - INFO - -------------------------------------------------------------
2021-03-18 15:44:50,062 - logger - INFO - 
-------------------------------------------------------------
2021-03-18 15:44:50,063 - logger - INFO - Ticker Watchlist: {}
2021-03-18 15:44:50,063 - logger - INFO - Current Positions: 0% / 
2021-03-18 15:44:50,063 - logger - INFO - Orders Pending: []
2021-03-18 15:44:50,064 - logger - INFO - Successfully initiated BUY for: {}
2021-03-18 15:44:50,064 - logger - INFO - Successfully initiated SELL for: {}
2021-03-18 15:44:50,064 - logger - INFO - Error selling for: {}
2021-03-18 15:44:50,064 - logger - INFO - Error buying for: {'$QQQ': (), '$SPY': ()}
2021-03-18 15:44:50,065 - logger - INFO - -------------------------------------------------------------
2021-03-18 15:44:55,067 - logger - INFO - 
-------------------------------------------------------------
2021-03-18 15:44:55,068 - logger - INFO - Ticker Watchlist: {}
2021-03-18 15:44:55,068 - logger - INFO - Current Positions: 0% / 
2021-03-18 15:44:55,068 - logger - INFO - Orders Pending: []
2021-03-18 15:44:55,068 - logger - INFO - Successfully initiated BUY for: {}
2021-03-18 15:44:55,069 - logger - INFO - Successfully initiated SELL for: {}
2021-03-18 15:44:55,069 - logger - INFO - Error selling for: {}
2021-03-18 15:44:55,069 - logger - INFO - Error buying for: {'$QQQ': (), '$SPY': ()}
2021-03-18 15:44:55,069 - logger - INFO - -------------------------------------------------------------
2021-03-18 15:45:00,074 - logger - INFO - 
-------------------------------------------------------------
2021-03-18 15:45:00,075 - logger - INFO - Ticker Watchlist: {}
2021-03-18 15:45:00,075 - logger - INFO - Current Positions: 0% / 
2021-03-18 15:45:00,076 - logger - INFO - Orders Pending: []
2021-03-18 15:45:00,076 - logger - INFO - Successfully initiated BUY for: {}
2021-03-18 15:45:00,076 - logger - INFO - Successfully initiated SELL for: {}
2021-03-18 15:45:00,077 - logger - INFO - Error selling for: {}
2021-03-18 15:45:00,077 - logger - INFO - Error buying for: {'$QQQ': (), '$SPY': ()}
2021-03-18 15:45:00,077 - logger - INFO - -------------------------------------------------------------
2021-03-18 15:45:05,079 - logger - INFO - 
-------------------------------------------------------------
2021-03-18 15:45:05,080 - logger - INFO - Ticker Watchlist: {}
2021-03-18 15:45:05,080 - logger - INFO - Current Positions: 0% / 
2021-03-18 15:45:05,080 - logger - INFO - Orders Pending: []
2021-03-18 15:45:05,080 - logger - INFO - Successfully initiated BUY for: {}
2021-03-18 15:45:05,081 - logger - INFO - Successfully initiated SELL for: {}
2021-03-18 15:45:05,081 - logger - INFO - Error selling for: {}
2021-03-18 15:45:05,081 - logger - INFO - Error buying for: {'$QQQ': (), '$SPY': ()}
2021-03-18 15:45:05,081 - logger - INFO - -------------------------------------------------------------
2021-03-18 15:45:10,084 - logger - INFO - 
-------------------------------------------------------------
2021-03-18 15:45:10,084 - logger - INFO - Ticker Watchlist: {}
2021-03-18 15:45:10,084 - logger - INFO - Current Positions: 0% / 
2021-03-18 15:45:10,085 - logger - INFO - Orders Pending: []
2021-03-18 15:45:10,085 - logger - INFO - Successfully initiated BUY for: {}
2021-03-18 15:45:10,085 - logger - INFO - Successfully initiated SELL for: {}
2021-03-18 15:45:10,085 - logger - INFO - Error selling for: {}
2021-03-18 15:45:10,085 - logger - INFO - Error buying for: {'$QQQ': (), '$SPY': ()}
2021-03-18 15:45:10,085 - logger - INFO - -------------------------------------------------------------
2021-03-18 15:45:11,473 - logger - INFO - Tweet ID: 1372680488662532096 / Tickers: ['$IDEX']
2021-03-18 15:45:15,086 - logger - INFO - 
-------------------------------------------------------------
2021-03-18 15:45:15,086 - logger - INFO - Ticker Watchlist: {}
2021-03-18 15:45:15,087 - logger - INFO - Current Positions: 0% / 
2021-03-18 15:45:15,087 - logger - INFO - Orders Pending: []
2021-03-18 15:45:15,087 - logger - INFO - Successfully initiated BUY for: {}
2021-03-18 15:45:15,087 - logger - INFO - Successfully initiated SELL for: {}
2021-03-18 15:45:15,087 - logger - INFO - Error selling for: {}
2021-03-18 15:45:15,088 - logger - INFO - Error buying for: {'$QQQ': (), '$SPY': ()}
2021-03-18 15:45:15,088 - logger - INFO - -------------------------------------------------------------
2021-03-18 15:45:20,091 - logger - INFO - 
-------------------------------------------------------------
2021-03-18 15:45:20,092 - logger - INFO - Ticker Watchlist: {}
2021-03-18 15:45:20,092 - logger - INFO - Current Positions: 0% / 
2021-03-18 15:45:20,092 - logger - INFO - Orders Pending: []
2021-03-18 15:45:20,093 - logger - INFO - Successfully initiated BUY for: {}
2021-03-18 15:45:20,093 - logger - INFO - Successfully initiated SELL for: {}
2021-03-18 15:45:20,093 - logger - INFO - Error selling for: {}
2021-03-18 15:45:20,094 - logger - INFO - Error buying for: {'$QQQ': (), '$SPY': ()}
2021-03-18 15:45:20,094 - logger - INFO - -------------------------------------------------------------
2021-03-18 15:45:25,099 - logger - INFO - 
-------------------------------------------------------------
2021-03-18 15:45:25,100 - logger - INFO - Ticker Watchlist: {}
2021-03-18 15:45:25,100 - logger - INFO - Current Positions: 0% / 
2021-03-18 15:45:25,101 - logger - INFO - Orders Pending: []
2021-03-18 15:45:25,101 - logger - INFO - Successfully initiated BUY for: {}
2021-03-18 15:45:25,101 - logger - INFO - Successfully initiated SELL for: {}
2021-03-18 15:45:25,101 - logger - INFO - Error selling for: {}
2021-03-18 15:45:25,102 - logger - INFO - Error buying for: {'$QQQ': (), '$SPY': ()}
2021-03-18 15:45:25,102 - logger - INFO - -------------------------------------------------------------
2021-03-18 15:45:30,105 - logger - INFO - 
-------------------------------------------------------------
2021-03-18 15:45:30,106 - logger - INFO - Ticker Watchlist: {}
2021-03-18 15:45:30,106 - logger - INFO - Current Positions: 0% / 
2021-03-18 15:45:30,106 - logger - INFO - Orders Pending: []
2021-03-18 15:45:30,106 - logger - INFO - Successfully initiated BUY for: {}
2021-03-18 15:45:30,107 - logger - INFO - Successfully initiated SELL for: {}
2021-03-18 15:45:30,107 - logger - INFO - Error selling for: {}
2021-03-18 15:45:30,107 - logger - INFO - Error buying for: {'$QQQ': (), '$SPY': ()}
2021-03-18 15:45:30,107 - logger - INFO - -------------------------------------------------------------
2021-03-18 15:45:35,113 - logger - INFO - 
-------------------------------------------------------------
2021-03-18 15:45:35,114 - logger - INFO - Ticker Watchlist: {}
2021-03-18 15:45:35,114 - logger - INFO - Current Positions: 0% / 
2021-03-18 15:45:35,115 - logger - INFO - Orders Pending: []
2021-03-18 15:45:35,115 - logger - INFO - Successfully initiated BUY for: {}
2021-03-18 15:45:35,115 - logger - INFO - Successfully initiated SELL for: {}
2021-03-18 15:45:35,116 - logger - INFO - Error selling for: {}
2021-03-18 15:45:35,116 - logger - INFO - Error buying for: {'$QQQ': (), '$SPY': ()}
2021-03-18 15:45:35,116 - logger - INFO - -------------------------------------------------------------
2021-03-18 15:45:40,117 - logger - INFO - 
-------------------------------------------------------------
2021-03-18 15:45:40,118 - logger - INFO - Ticker Watchlist: {}
2021-03-18 15:45:40,118 - logger - INFO - Current Positions: 0% / 
2021-03-18 15:45:40,118 - logger - INFO - Orders Pending: []
2021-03-18 15:45:40,118 - logger - INFO - Successfully initiated BUY for: {}
2021-03-18 15:45:40,119 - logger - INFO - Successfully initiated SELL for: {}
2021-03-18 15:45:40,119 - logger - INFO - Error selling for: {}
2021-03-18 15:45:40,119 - logger - INFO - Error buying for: {'$QQQ': (), '$SPY': ()}
2021-03-18 15:45:40,119 - logger - INFO - -------------------------------------------------------------
2021-03-18 15:45:45,121 - logger - INFO - 
-------------------------------------------------------------
2021-03-18 15:45:45,121 - logger - INFO - Ticker Watchlist: {}
2021-03-18 15:45:45,122 - logger - INFO - Current Positions: 0% / 
2021-03-18 15:45:45,122 - logger - INFO - Orders Pending: []
2021-03-18 15:45:45,122 - logger - INFO - Successfully initiated BUY for: {}
2021-03-18 15:45:45,122 - logger - INFO - Successfully initiated SELL for: {}
2021-03-18 15:45:45,123 - logger - INFO - Error selling for: {}
2021-03-18 15:45:45,123 - logger - INFO - Error buying for: {'$QQQ': (), '$SPY': ()}
2021-03-18 15:45:45,123 - logger - INFO - -------------------------------------------------------------
2021-03-18 15:45:50,124 - logger - INFO - 
-------------------------------------------------------------
2021-03-18 15:45:50,125 - logger - INFO - Ticker Watchlist: {}
2021-03-18 15:45:50,126 - logger - INFO - Current Positions: 0% / 
2021-03-18 15:45:50,126 - logger - INFO - Orders Pending: []
2021-03-18 15:45:50,127 - logger - INFO - Successfully initiated BUY for: {}
2021-03-18 15:45:50,127 - logger - INFO - Successfully initiated SELL for: {}
2021-03-18 15:45:50,127 - logger - INFO - Error selling for: {}
2021-03-18 15:45:50,127 - logger - INFO - Error buying for: {'$QQQ': (), '$SPY': ()}
2021-03-18 15:45:50,128 - logger - INFO - -------------------------------------------------------------
2021-03-18 15:45:55,130 - logger - INFO - 
-------------------------------------------------------------
2021-03-18 15:45:55,131 - logger - INFO - Ticker Watchlist: {}
2021-03-18 15:45:55,131 - logger - INFO - Current Positions: 0% / 
2021-03-18 15:45:55,131 - logger - INFO - Orders Pending: []
2021-03-18 15:45:55,132 - logger - INFO - Successfully initiated BUY for: {}
2021-03-18 15:45:55,132 - logger - INFO - Successfully initiated SELL for: {}
2021-03-18 15:45:55,132 - logger - INFO - Error selling for: {}
2021-03-18 15:45:55,132 - logger - INFO - Error buying for: {'$QQQ': (), '$SPY': ()}
2021-03-18 15:45:55,133 - logger - INFO - -------------------------------------------------------------
2021-03-18 15:46:00,138 - logger - INFO - 
-------------------------------------------------------------
2021-03-18 15:46:00,139 - logger - INFO - Ticker Watchlist: {}
2021-03-18 15:46:00,139 - logger - INFO - Current Positions: 0% / 
2021-03-18 15:46:00,140 - logger - INFO - Orders Pending: []
2021-03-18 15:46:00,140 - logger - INFO - Successfully initiated BUY for: {}
2021-03-18 15:46:00,140 - logger - INFO - Successfully initiated SELL for: {}
2021-03-18 15:46:00,140 - logger - INFO - Error selling for: {}
2021-03-18 15:46:00,141 - logger - INFO - Error buying for: {'$QQQ': (), '$SPY': ()}
2021-03-18 15:46:00,141 - logger - INFO - -------------------------------------------------------------
2021-03-18 15:46:05,142 - logger - INFO - 
-------------------------------------------------------------
2021-03-18 15:46:05,143 - logger - INFO - Ticker Watchlist: {}
2021-03-18 15:46:05,143 - logger - INFO - Current Positions: 0% / 
2021-03-18 15:46:05,144 - logger - INFO - Orders Pending: []
2021-03-18 15:46:05,144 - logger - INFO - Successfully initiated BUY for: {}
2021-03-18 15:46:05,144 - logger - INFO - Successfully initiated SELL for: {}
2021-03-18 15:46:05,144 - logger - INFO - Error selling for: {}
2021-03-18 15:46:05,145 - logger - INFO - Error buying for: {'$QQQ': (), '$SPY': ()}
2021-03-18 15:46:05,145 - logger - INFO - -------------------------------------------------------------
2021-03-18 15:46:10,147 - logger - INFO - 
-------------------------------------------------------------
2021-03-18 15:46:10,148 - logger - INFO - Ticker Watchlist: {}
2021-03-18 15:46:10,148 - logger - INFO - Current Positions: 0% / 
2021-03-18 15:46:10,148 - logger - INFO - Orders Pending: []
2021-03-18 15:46:10,149 - logger - INFO - Successfully initiated BUY for: {}
2021-03-18 15:46:10,149 - logger - INFO - Successfully initiated SELL for: {}
2021-03-18 15:46:10,149 - logger - INFO - Error selling for: {}
2021-03-18 15:46:10,150 - logger - INFO - Error buying for: {'$QQQ': (), '$SPY': ()}
2021-03-18 15:46:10,150 - logger - INFO - -------------------------------------------------------------
2021-03-18 15:46:15,150 - logger - INFO - 
-------------------------------------------------------------
2021-03-18 15:46:15,151 - logger - INFO - Ticker Watchlist: {}
2021-03-18 15:46:15,151 - logger - INFO - Current Positions: 0% / 
2021-03-18 15:46:15,151 - logger - INFO - Orders Pending: []
2021-03-18 15:46:15,151 - logger - INFO - Successfully initiated BUY for: {}
2021-03-18 15:46:15,152 - logger - INFO - Successfully initiated SELL for: {}
2021-03-18 15:46:15,152 - logger - INFO - Error selling for: {}
2021-03-18 15:46:15,152 - logger - INFO - Error buying for: {'$QQQ': (), '$SPY': ()}
2021-03-18 15:46:15,152 - logger - INFO - -------------------------------------------------------------
2021-03-18 15:46:20,155 - logger - INFO - 
-------------------------------------------------------------
2021-03-18 15:46:20,155 - logger - INFO - Ticker Watchlist: {}
2021-03-18 15:46:20,156 - logger - INFO - Current Positions: 0% / 
2021-03-18 15:46:20,156 - logger - INFO - Orders Pending: []
2021-03-18 15:46:20,157 - logger - INFO - Successfully initiated BUY for: {}
2021-03-18 15:46:20,157 - logger - INFO - Successfully initiated SELL for: {}
2021-03-18 15:46:20,157 - logger - INFO - Error selling for: {}
2021-03-18 15:46:20,157 - logger - INFO - Error buying for: {'$QQQ': (), '$SPY': ()}
2021-03-18 15:46:20,158 - logger - INFO - -------------------------------------------------------------
2021-03-18 15:46:25,163 - logger - INFO - 
-------------------------------------------------------------
2021-03-18 15:46:25,163 - logger - INFO - Ticker Watchlist: {}
2021-03-18 15:46:25,164 - logger - INFO - Current Positions: 0% / 
2021-03-18 15:46:25,164 - logger - INFO - Orders Pending: []
2021-03-18 15:46:25,164 - logger - INFO - Successfully initiated BUY for: {}
2021-03-18 15:46:25,164 - logger - INFO - Successfully initiated SELL for: {}
2021-03-18 15:46:25,165 - logger - INFO - Error selling for: {}
2021-03-18 15:46:25,165 - logger - INFO - Error buying for: {'$QQQ': (), '$SPY': ()}
2021-03-18 15:46:25,165 - logger - INFO - -------------------------------------------------------------
2021-03-18 15:46:30,167 - logger - INFO - 
-------------------------------------------------------------
2021-03-18 15:46:30,167 - logger - INFO - Ticker Watchlist: {}
2021-03-18 15:46:30,168 - logger - INFO - Current Positions: 0% / 
2021-03-18 15:46:30,168 - logger - INFO - Orders Pending: []
2021-03-18 15:46:30,168 - logger - INFO - Successfully initiated BUY for: {}
2021-03-18 15:46:30,169 - logger - INFO - Successfully initiated SELL for: {}
2021-03-18 15:46:30,169 - logger - INFO - Error selling for: {}
2021-03-18 15:46:30,169 - logger - INFO - Error buying for: {'$QQQ': (), '$SPY': ()}
2021-03-18 15:46:30,169 - logger - INFO - -------------------------------------------------------------
2021-03-18 15:46:35,173 - logger - INFO - 
-------------------------------------------------------------
2021-03-18 15:46:35,173 - logger - INFO - Ticker Watchlist: {}
2021-03-18 15:46:35,174 - logger - INFO - Current Positions: 0% / 
2021-03-18 15:46:35,174 - logger - INFO - Orders Pending: []
2021-03-18 15:46:35,174 - logger - INFO - Successfully initiated BUY for: {}
2021-03-18 15:46:35,174 - logger - INFO - Successfully initiated SELL for: {}
2021-03-18 15:46:35,175 - logger - INFO - Error selling for: {}
2021-03-18 15:46:35,175 - logger - INFO - Error buying for: {'$QQQ': (), '$SPY': ()}
2021-03-18 15:46:35,175 - logger - INFO - -------------------------------------------------------------
2021-03-18 15:46:40,176 - logger - INFO - 
-------------------------------------------------------------
2021-03-18 15:46:40,177 - logger - INFO - Ticker Watchlist: {}
2021-03-18 15:46:40,177 - logger - INFO - Current Positions: 0% / 
2021-03-18 15:46:40,177 - logger - INFO - Orders Pending: []
2021-03-18 15:46:40,178 - logger - INFO - Successfully initiated BUY for: {}
2021-03-18 15:46:40,178 - logger - INFO - Successfully initiated SELL for: {}
2021-03-18 15:46:40,178 - logger - INFO - Error selling for: {}
2021-03-18 15:46:40,179 - logger - INFO - Error buying for: {'$QQQ': (), '$SPY': ()}
2021-03-18 15:46:40,179 - logger - INFO - -------------------------------------------------------------
2021-03-18 15:46:45,184 - logger - INFO - 
-------------------------------------------------------------
2021-03-18 15:46:45,185 - logger - INFO - Ticker Watchlist: {}
2021-03-18 15:46:45,185 - logger - INFO - Current Positions: 0% / 
2021-03-18 15:46:45,185 - logger - INFO - Orders Pending: []
2021-03-18 15:46:45,186 - logger - INFO - Successfully initiated BUY for: {}
2021-03-18 15:46:45,186 - logger - INFO - Successfully initiated SELL for: {}
2021-03-18 15:46:45,186 - logger - INFO - Error selling for: {}
2021-03-18 15:46:45,186 - logger - INFO - Error buying for: {'$QQQ': (), '$SPY': ()}
2021-03-18 15:46:45,187 - logger - INFO - -------------------------------------------------------------
2021-03-18 15:46:50,189 - logger - INFO - 
-------------------------------------------------------------
2021-03-18 15:46:50,190 - logger - INFO - Ticker Watchlist: {}
2021-03-18 15:46:50,190 - logger - INFO - Current Positions: 0% / 
2021-03-18 15:46:50,191 - logger - INFO - Orders Pending: []
2021-03-18 15:46:50,191 - logger - INFO - Successfully initiated BUY for: {}
2021-03-18 15:46:50,191 - logger - INFO - Successfully initiated SELL for: {}
2021-03-18 15:46:50,192 - logger - INFO - Error selling for: {}
2021-03-18 15:46:50,192 - logger - INFO - Error buying for: {'$QQQ': (), '$SPY': ()}
2021-03-18 15:46:50,192 - logger - INFO - -------------------------------------------------------------
2021-03-18 15:46:55,198 - logger - INFO - 
-------------------------------------------------------------
2021-03-18 15:46:55,198 - logger - INFO - Ticker Watchlist: {}
2021-03-18 15:46:55,198 - logger - INFO - Current Positions: 0% / 
2021-03-18 15:46:55,199 - logger - INFO - Orders Pending: []
2021-03-18 15:46:55,199 - logger - INFO - Successfully initiated BUY for: {}
2021-03-18 15:46:55,199 - logger - INFO - Successfully initiated SELL for: {}
2021-03-18 15:46:55,199 - logger - INFO - Error selling for: {}
2021-03-18 15:46:55,199 - logger - INFO - Error buying for: {'$QQQ': (), '$SPY': ()}
2021-03-18 15:46:55,200 - logger - INFO - -------------------------------------------------------------
2021-03-18 15:47:00,201 - logger - INFO - 
-------------------------------------------------------------
2021-03-18 15:47:00,201 - logger - INFO - Ticker Watchlist: {}
2021-03-18 15:47:00,202 - logger - INFO - Current Positions: 0% / 
2021-03-18 15:47:00,202 - logger - INFO - Orders Pending: []
2021-03-18 15:47:00,202 - logger - INFO - Successfully initiated BUY for: {}
2021-03-18 15:47:00,202 - logger - INFO - Successfully initiated SELL for: {}
2021-03-18 15:47:00,203 - logger - INFO - Error selling for: {}
2021-03-18 15:47:00,203 - logger - INFO - Error buying for: {'$QQQ': (), '$SPY': ()}
2021-03-18 15:47:00,203 - logger - INFO - -------------------------------------------------------------
2021-03-18 15:47:05,204 - logger - INFO - 
-------------------------------------------------------------
2021-03-18 15:47:05,204 - logger - INFO - Ticker Watchlist: {}
2021-03-18 15:47:05,204 - logger - INFO - Current Positions: 0% / 
2021-03-18 15:47:05,204 - logger - INFO - Orders Pending: []
2021-03-18 15:47:05,205 - logger - INFO - Successfully initiated BUY for: {}
2021-03-18 15:47:05,205 - logger - INFO - Successfully initiated SELL for: {}
2021-03-18 15:47:05,205 - logger - INFO - Error selling for: {}
2021-03-18 15:47:05,205 - logger - INFO - Error buying for: {'$QQQ': (), '$SPY': ()}
2021-03-18 15:47:05,205 - logger - INFO - -------------------------------------------------------------
2021-03-18 15:47:10,211 - logger - INFO - 
-------------------------------------------------------------
2021-03-18 15:47:10,212 - logger - INFO - Ticker Watchlist: {}
2021-03-18 15:47:10,212 - logger - INFO - Current Positions: 0% / 
2021-03-18 15:47:10,212 - logger - INFO - Orders Pending: []
2021-03-18 15:47:10,212 - logger - INFO - Successfully initiated BUY for: {}
2021-03-18 15:47:10,213 - logger - INFO - Successfully initiated SELL for: {}
2021-03-18 15:47:10,213 - logger - INFO - Error selling for: {}
2021-03-18 15:47:10,213 - logger - INFO - Error buying for: {'$QQQ': (), '$SPY': ()}
2021-03-18 15:47:10,214 - logger - INFO - -------------------------------------------------------------
2021-03-18 15:47:15,218 - logger - INFO - 
-------------------------------------------------------------
2021-03-18 15:47:15,218 - logger - INFO - Ticker Watchlist: {}
2021-03-18 15:47:15,219 - logger - INFO - Current Positions: 0% / 
2021-03-18 15:47:15,219 - logger - INFO - Orders Pending: []
2021-03-18 15:47:15,219 - logger - INFO - Successfully initiated BUY for: {}
2021-03-18 15:47:15,219 - logger - INFO - Successfully initiated SELL for: {}
2021-03-18 15:47:15,219 - logger - INFO - Error selling for: {}
2021-03-18 15:47:15,220 - logger - INFO - Error buying for: {'$QQQ': (), '$SPY': ()}
2021-03-18 15:47:15,220 - logger - INFO - -------------------------------------------------------------
2021-03-18 15:47:20,220 - logger - INFO - 
-------------------------------------------------------------
2021-03-18 15:47:20,221 - logger - INFO - Ticker Watchlist: {}
2021-03-18 15:47:20,221 - logger - INFO - Current Positions: 0% / 
2021-03-18 15:47:20,221 - logger - INFO - Orders Pending: []
2021-03-18 15:47:20,221 - logger - INFO - Successfully initiated BUY for: {}
2021-03-18 15:47:20,222 - logger - INFO - Successfully initiated SELL for: {}
2021-03-18 15:47:20,222 - logger - INFO - Error selling for: {}
2021-03-18 15:47:20,222 - logger - INFO - Error buying for: {'$QQQ': (), '$SPY': ()}
2021-03-18 15:47:20,222 - logger - INFO - -------------------------------------------------------------
2021-03-18 15:47:25,227 - logger - INFO - 
-------------------------------------------------------------
2021-03-18 15:47:25,228 - logger - INFO - Ticker Watchlist: {}
2021-03-18 15:47:25,228 - logger - INFO - Current Positions: 0% / 
2021-03-18 15:47:25,228 - logger - INFO - Orders Pending: []
2021-03-18 15:47:25,229 - logger - INFO - Successfully initiated BUY for: {}
2021-03-18 15:47:25,229 - logger - INFO - Successfully initiated SELL for: {}
2021-03-18 15:47:25,229 - logger - INFO - Error selling for: {}
2021-03-18 15:47:25,229 - logger - INFO - Error buying for: {'$QQQ': (), '$SPY': ()}
2021-03-18 15:47:25,230 - logger - INFO - -------------------------------------------------------------
2021-03-18 15:47:30,232 - logger - INFO - 
-------------------------------------------------------------
2021-03-18 15:47:30,232 - logger - INFO - Ticker Watchlist: {}
2021-03-18 15:47:30,233 - logger - INFO - Current Positions: 0% / 
2021-03-18 15:47:30,233 - logger - INFO - Orders Pending: []
2021-03-18 15:47:30,233 - logger - INFO - Successfully initiated BUY for: {}
2021-03-18 15:47:30,234 - logger - INFO - Successfully initiated SELL for: {}
2021-03-18 15:47:30,234 - logger - INFO - Error selling for: {}
2021-03-18 15:47:30,234 - logger - INFO - Error buying for: {'$QQQ': (), '$SPY': ()}
2021-03-18 15:47:30,234 - logger - INFO - -------------------------------------------------------------
2021-03-18 15:47:35,236 - logger - INFO - 
-------------------------------------------------------------
2021-03-18 15:47:35,237 - logger - INFO - Ticker Watchlist: {}
2021-03-18 15:47:35,237 - logger - INFO - Current Positions: 0% / 
2021-03-18 15:47:35,237 - logger - INFO - Orders Pending: []
2021-03-18 15:47:35,237 - logger - INFO - Successfully initiated BUY for: {}
2021-03-18 15:47:35,238 - logger - INFO - Successfully initiated SELL for: {}
2021-03-18 15:47:35,238 - logger - INFO - Error selling for: {}
2021-03-18 15:47:35,238 - logger - INFO - Error buying for: {'$QQQ': (), '$SPY': ()}
2021-03-18 15:47:35,238 - logger - INFO - -------------------------------------------------------------
2021-03-18 15:47:40,239 - logger - INFO - 
-------------------------------------------------------------
2021-03-18 15:47:40,239 - logger - INFO - Ticker Watchlist: {}
2021-03-18 15:47:40,240 - logger - INFO - Current Positions: 0% / 
2021-03-18 15:47:40,240 - logger - INFO - Orders Pending: []
2021-03-18 15:47:40,240 - logger - INFO - Successfully initiated BUY for: {}
2021-03-18 15:47:40,240 - logger - INFO - Successfully initiated SELL for: {}
2021-03-18 15:47:40,240 - logger - INFO - Error selling for: {}
2021-03-18 15:47:40,241 - logger - INFO - Error buying for: {'$QQQ': (), '$SPY': ()}
2021-03-18 15:47:40,241 - logger - INFO - -------------------------------------------------------------
2021-03-18 15:47:45,245 - logger - INFO - 
-------------------------------------------------------------
2021-03-18 15:47:45,245 - logger - INFO - Ticker Watchlist: {}
2021-03-18 15:47:45,245 - logger - INFO - Current Positions: 0% / 
2021-03-18 15:47:45,245 - logger - INFO - Orders Pending: []
2021-03-18 15:47:45,246 - logger - INFO - Successfully initiated BUY for: {}
2021-03-18 15:47:45,246 - logger - INFO - Successfully initiated SELL for: {}
2021-03-18 15:47:45,246 - logger - INFO - Error selling for: {}
2021-03-18 15:47:45,246 - logger - INFO - Error buying for: {'$QQQ': (), '$SPY': ()}
2021-03-18 15:47:45,246 - logger - INFO - -------------------------------------------------------------
2021-03-18 15:47:50,249 - logger - INFO - 
-------------------------------------------------------------
2021-03-18 15:47:50,249 - logger - INFO - Ticker Watchlist: {}
2021-03-18 15:47:50,250 - logger - INFO - Current Positions: 0% / 
2021-03-18 15:47:50,251 - logger - INFO - Orders Pending: []
2021-03-18 15:47:50,251 - logger - INFO - Successfully initiated BUY for: {}
2021-03-18 15:47:50,251 - logger - INFO - Successfully initiated SELL for: {}
2021-03-18 15:47:50,252 - logger - INFO - Error selling for: {}
2021-03-18 15:47:50,252 - logger - INFO - Error buying for: {'$QQQ': (), '$SPY': ()}
2021-03-18 15:47:50,252 - logger - INFO - -------------------------------------------------------------
2021-03-18 15:47:55,254 - logger - INFO - 
-------------------------------------------------------------
2021-03-18 15:47:55,254 - logger - INFO - Ticker Watchlist: {}
2021-03-18 15:47:55,254 - logger - INFO - Current Positions: 0% / 
2021-03-18 15:47:55,255 - logger - INFO - Orders Pending: []
2021-03-18 15:47:55,255 - logger - INFO - Successfully initiated BUY for: {}
2021-03-18 15:47:55,256 - logger - INFO - Successfully initiated SELL for: {}
2021-03-18 15:47:55,256 - logger - INFO - Error selling for: {}
2021-03-18 15:47:55,256 - logger - INFO - Error buying for: {'$QQQ': (), '$SPY': ()}
2021-03-18 15:47:55,256 - logger - INFO - -------------------------------------------------------------
2021-03-18 15:48:00,260 - logger - INFO - 
-------------------------------------------------------------
2021-03-18 15:48:00,260 - logger - INFO - Ticker Watchlist: {}
2021-03-18 15:48:00,261 - logger - INFO - Current Positions: 0% / 
2021-03-18 15:48:00,261 - logger - INFO - Orders Pending: []
2021-03-18 15:48:00,261 - logger - INFO - Successfully initiated BUY for: {}
2021-03-18 15:48:00,262 - logger - INFO - Successfully initiated SELL for: {}
2021-03-18 15:48:00,262 - logger - INFO - Error selling for: {}
2021-03-18 15:48:00,262 - logger - INFO - Error buying for: {'$QQQ': (), '$SPY': ()}
2021-03-18 15:48:00,262 - logger - INFO - -------------------------------------------------------------
2021-03-18 15:48:05,266 - logger - INFO - 
-------------------------------------------------------------
2021-03-18 15:48:05,266 - logger - INFO - Ticker Watchlist: {}
2021-03-18 15:48:05,267 - logger - INFO - Current Positions: 0% / 
2021-03-18 15:48:05,267 - logger - INFO - Orders Pending: []
2021-03-18 15:48:05,267 - logger - INFO - Successfully initiated BUY for: {}
2021-03-18 15:48:05,268 - logger - INFO - Successfully initiated SELL for: {}
2021-03-18 15:48:05,268 - logger - INFO - Error selling for: {}
2021-03-18 15:48:05,268 - logger - INFO - Error buying for: {'$QQQ': (), '$SPY': ()}
2021-03-18 15:48:05,268 - logger - INFO - -------------------------------------------------------------
2021-03-18 15:48:10,272 - logger - INFO - 
-------------------------------------------------------------
2021-03-18 15:48:10,272 - logger - INFO - Ticker Watchlist: {}
2021-03-18 15:48:10,272 - logger - INFO - Current Positions: 0% / 
2021-03-18 15:48:10,272 - logger - INFO - Orders Pending: []
2021-03-18 15:48:10,272 - logger - INFO - Successfully initiated BUY for: {}
2021-03-18 15:48:10,273 - logger - INFO - Successfully initiated SELL for: {}
2021-03-18 15:48:10,273 - logger - INFO - Error selling for: {}
2021-03-18 15:48:10,273 - logger - INFO - Error buying for: {'$QQQ': (), '$SPY': ()}
2021-03-18 15:48:10,273 - logger - INFO - -------------------------------------------------------------
2021-03-18 15:48:15,278 - logger - INFO - 
-------------------------------------------------------------
2021-03-18 15:48:15,278 - logger - INFO - Ticker Watchlist: {}
2021-03-18 15:48:15,278 - logger - INFO - Current Positions: 0% / 
2021-03-18 15:48:15,279 - logger - INFO - Orders Pending: []
2021-03-18 15:48:15,279 - logger - INFO - Successfully initiated BUY for: {}
2021-03-18 15:48:15,279 - logger - INFO - Successfully initiated SELL for: {}
2021-03-18 15:48:15,279 - logger - INFO - Error selling for: {}
2021-03-18 15:48:15,279 - logger - INFO - Error buying for: {'$QQQ': (), '$SPY': ()}
2021-03-18 15:48:15,279 - logger - INFO - -------------------------------------------------------------
2021-03-18 15:48:20,283 - logger - INFO - 
-------------------------------------------------------------
2021-03-18 15:48:20,284 - logger - INFO - Ticker Watchlist: {}
2021-03-18 15:48:20,284 - logger - INFO - Current Positions: 0% / 
2021-03-18 15:48:20,284 - logger - INFO - Orders Pending: []
2021-03-18 15:48:20,285 - logger - INFO - Successfully initiated BUY for: {}
2021-03-18 15:48:20,285 - logger - INFO - Successfully initiated SELL for: {}
2021-03-18 15:48:20,285 - logger - INFO - Error selling for: {}
2021-03-18 15:48:20,285 - logger - INFO - Error buying for: {'$QQQ': (), '$SPY': ()}
2021-03-18 15:48:20,286 - logger - INFO - -------------------------------------------------------------
